<?xml version="1.0" encoding="UTF-8"?>
<testExecutions version="1">
    <file path="/Users/cwai/Desktop/mobile-pline/mobile-pipeline-poc/app/theme/Button/tests/index.test.tsx">
        <testCase name="&lt;Button /&gt; Calls onPress" duration="207"/>
    </file>
    <file path="/Users/cwai/Desktop/mobile-pline/mobile-pipeline-poc/app/components/CountriesAutocomplete/tests/index.test.tsx">
        <testCase name="&lt;CountriesAutocomplete /&gt; Displays Searched Item" duration="381"/>
        <testCase name="&lt;CountriesAutocomplete /&gt; onSelect is called when item is pressed" duration="23"/>
    </file>
    <file path="/Users/cwai/Desktop/mobile-pline/mobile-pipeline-poc/app/screens/SearchScreen/tests/index.test.tsx">
        <testCase name="&lt;SearchScreen /&gt; Displays selected country" duration="407"/>
        <testCase name="&lt;SearchScreen /&gt; Stores selected country in local storage" duration="29"/>
        <testCase name="&lt;SearchScreen /&gt; Removes selected country from local storage" duration="28"/>
    </file>
    <file path="/Users/cwai/Desktop/mobile-pline/mobile-pipeline-poc/__tests__/App-test.tsx">
        <testCase name="jest snapshot tests renders correctly" duration="164"/>
    </file>
</testExecutions>